Release 14.7 Xflow P.20131013 (nt64)
Copyright (c) 1995-2013 Xilinx, Inc.  All rights reserved.
xflow.exe -wd implementation -p xc6slx9tqg144-2 -implement xflow.opt system.ngc 
 
PMSPEC -- Overriding Xilinx file
<D:/Xilinx/14.7/ISE_DS/EDK/spartan6/data/spartan6.acd> with local file
<D:/Xilinx/14.7/ISE_DS/ISE/spartan6/data/spartan6.acd>

Using Flow File:
F:/git/mikrorendszerek/MB_System_full/MB_System/implementation/fpga.flw 
Using Option File(s): 
 F:/git/mikrorendszerek/MB_System_full/MB_System/implementation/xflow.opt 

Creating Script File ... 

#----------------------------------------------#
# Starting program ngdbuild
# ngdbuild -p xc6slx9tqg144-2 -nt timestamp -bm system.bmm
"F:/git/mikrorendszerek/MB_System_full/MB_System/implementation/system.ngc" -uc
system.ucf system.ngd 
#----------------------------------------------#
Release 14.7 - ngdbuild P.20131013 (nt64)
Copyright (c) 1995-2013 Xilinx, Inc.  All rights reserved.
PMSPEC -- Overriding Xilinx file
<D:/Xilinx/14.7/ISE_DS/EDK/spartan6/data/spartan6.acd> with local file
<D:/Xilinx/14.7/ISE_DS/ISE/spartan6/data/spartan6.acd>

Command Line: D:\Xilinx\14.7\ISE_DS\ISE\bin\nt64\unwrapped\ngdbuild.exe -p
xc6slx9tqg144-2 -nt timestamp -bm system.bmm
F:/git/mikrorendszerek/MB_System_full/MB_System/implementation/system.ngc -uc
system.ucf system.ngd

Reading NGO file
"F:/git/mikrorendszerek/MB_System_full/MB_System/implementation/system.ngc" ...
Loading design module
"F:/git/mikrorendszerek/MB_System_full/MB_System/implementation/system_rs232_wra
pper.ngc"...
Loading design module
"F:/git/mikrorendszerek/MB_System_full/MB_System/implementation/system_proc_sys_
reset_0_wrapper.ngc"...
Loading design module
"F:/git/mikrorendszerek/MB_System_full/MB_System/implementation/system_clock_gen
erator_0_wrapper.ngc"...
Loading design module
"F:/git/mikrorendszerek/MB_System_full/MB_System/implementation/system_cpld_if_0
_wrapper.ngc"...
Loading design module
"F:/git/mikrorendszerek/MB_System_full/MB_System/implementation/system_microblaz
e_0_ilmb_wrapper.ngc"...
Loading design module
"F:/git/mikrorendszerek/MB_System_full/MB_System/implementation/system_microblaz
e_0_dlmb_wrapper.ngc"...
Loading design module
"F:/git/mikrorendszerek/MB_System_full/MB_System/implementation/system_axi4lite_
0_wrapper.ngc"...
Loading design module
"F:/git/mikrorendszerek/MB_System_full/MB_System/implementation/system_microblaz
e_0_wrapper.ngc"...
Loading design module
"F:/git/mikrorendszerek/MB_System_full/MB_System/implementation/system_microblaz
e_0_intc_wrapper.ngc"...
Loading design module
"F:/git/mikrorendszerek/MB_System_full/MB_System/implementation/system_microblaz
e_0_i_bram_ctrl_wrapper.ngc"...
Loading design module
"F:/git/mikrorendszerek/MB_System_full/MB_System/implementation/system_microblaz
e_0_d_bram_ctrl_wrapper.ngc"...
Loading design module
"F:/git/mikrorendszerek/MB_System_full/MB_System/implementation/system_debug_mod
ule_wrapper.ngc"...
Loading design module
"F:/git/mikrorendszerek/MB_System_full/MB_System/implementation/system_lcd_scree
n_0_wrapper.ngc"...
Loading design module
"F:/git/mikrorendszerek/MB_System_full/MB_System/implementation/system_axi_timer
_0_wrapper.ngc"...
Loading design module
"F:/git/mikrorendszerek/MB_System_full/MB_System/implementation/system_microblaz
e_0_bram_block_wrapper.ngc"...
Applying constraints in
"F:/git/mikrorendszerek/MB_System_full/MB_System/implementation/system_microblaz
e_0_ilmb_wrapper.ncf" to module "microblaze_0_ilmb"...
Checking Constraint Associations...
Applying constraints in
"F:/git/mikrorendszerek/MB_System_full/MB_System/implementation/system_microblaz
e_0_dlmb_wrapper.ncf" to module "microblaze_0_dlmb"...
Checking Constraint Associations...
Applying constraints in
"F:/git/mikrorendszerek/MB_System_full/MB_System/implementation/system_axi4lite_
0_wrapper.ncf" to module "axi4lite_0"...
Checking Constraint Associations...
Applying constraints in
"F:/git/mikrorendszerek/MB_System_full/MB_System/implementation/system_microblaz
e_0_wrapper.ncf" to module "microblaze_0"...
Checking Constraint Associations...
Applying constraints in
"F:/git/mikrorendszerek/MB_System_full/MB_System/implementation/system_microblaz
e_0_intc_wrapper.ncf" to module "microblaze_0_intc"...
Checking Constraint Associations...
Gathering constraint information from source properties...
Done.

Annotating constraints to design from ucf file "system.ucf" ...
Resolving constraint associations...
Checking Constraint Associations...
WARNING:ConstraintSystem:135 - Constraint <INST
   /system/EXPANDED/system/axi4lite_0/axi4lite_0\/si_converter_bank\/gen_conv_sl
   ot[0].clock_conv_inst\/interconnect_aresetn_resync<2>_inv1_INV_0 TNM =
   FFS:axi4lite_0_reset_resync>: No instances of type FFS were found under block
   "axi4lite_0/axi4lite_0/si_converter_bank/gen_conv_slot[0].clock_conv_inst/int
   erconnect_aresetn_resync<2>_inv1_INV_0" (type=INV).

WARNING:ConstraintSystem:58 - Constraint <TIMEGRP axi4lite_0_reset_source = FFS
   PADS CPUS;>: CPUS "*" does not match any design objects.

WARNING:ConstraintSystem:194 - The TNM 'axi4lite_0_reset_resync', does not
   directly or indirectly drive any flip-flops, latches and/or RAMs and is not
   actively used by any referencing constraint.

INFO:ConstraintSystem:178 - TNM 'tnm_clk50M', used in period specification
   'TS_clk50M', was traced into PLL_ADV instance
   clock_generator_0/PLL0_INST/Using_PLL_ADV.PLL_ADV_inst. The following new TNM
   groups and period specifications were generated at the PLL_ADV output(s): 
   CLKOUT0: <TIMESPEC TS_clock_generator_0_clock_generator_0_SIG_PLL0_CLKOUT0 =
   PERIOD "clock_generator_0_clock_generator_0_SIG_PLL0_CLKOUT0" TS_clk50M HIGH
   50%>

Done...

Processing BMM file "system.bmm" ...

Checking expanded design ...
WARNING:NgdBuild:443 - SFF primitive
   'microblaze_0/microblaze_0/MicroBlaze_Core_I/Performance.Decode_I/Using_FPGA.
   Gen_Bits[27].MEM_EX_Result_Inst' has unconnected output pin

Partition Implementation Status
-------------------------------

  No Partitions were found in this design.

-------------------------------

NGDBUILD Design Results Summary:
  Number of errors:     0
  Number of warnings:   4

Writing NGD file "system.ngd" ...
Total REAL time to NGDBUILD completion: 1 min  26 sec
Total CPU time to NGDBUILD completion:  1 min  22 sec

Writing NGDBUILD log file "system.bld"...

NGDBUILD done.



#----------------------------------------------#
# Starting program map
# map -o system_map.ncd -w -pr b -ol high -timing -detail system.ngd system.pcf 
#----------------------------------------------#
Release 14.7 - Map P.20131013 (nt64)
Copyright (c) 1995-2013 Xilinx, Inc.  All rights reserved.
PMSPEC -- Overriding Xilinx file
<D:/Xilinx/14.7/ISE_DS/EDK/data/Xdh_PrimTypeLib.xda> with local file
<D:/Xilinx/14.7/ISE_DS/ISE/data/Xdh_PrimTypeLib.xda>
Using target part "6slx9tqg144-2".
Mapping design into LUTs...
Writing file system_map.ngm...
Running directed packing...
Running delay-based LUT packing...
Updating timing models...
INFO:Map:215 - The Interim Design Summary has been generated in the MAP Report
   (.mrp).
Running timing-driven placement...
Total REAL time at the beginning of Placer: 22 secs 
Total CPU  time at the beginning of Placer: 20 secs 

Phase 1.1  Initial Placement Analysis
Phase 1.1  Initial Placement Analysis (Checksum:6ba533ae) REAL time: 26 secs 

Phase 2.7  Design Feasibility Check
Phase 2.7  Design Feasibility Check (Checksum:6ba533ae) REAL time: 27 secs 

Phase 3.31  Local Placement Optimization
Phase 3.31  Local Placement Optimization (Checksum:b022906e) REAL time: 27 secs 

Phase 4.2  Initial Placement for Architecture Specific Features

Phase 4.2  Initial Placement for Architecture Specific Features
(Checksum:3a96a431) REAL time: 40 secs 

Phase 5.36  Local Placement Optimization
Phase 5.36  Local Placement Optimization (Checksum:3a96a431) REAL time: 40 secs 

Phase 6.30  Global Clock Region Assignment
Phase 6.30  Global Clock Region Assignment (Checksum:3a96a431) REAL time: 40 secs 

Phase 7.3  Local Placement Optimization
Phase 7.3  Local Placement Optimization (Checksum:3a96a431) REAL time: 40 secs 

Phase 8.5  Local Placement Optimization
Phase 8.5  Local Placement Optimization (Checksum:3a96a431) REAL time: 40 secs 

Phase 9.8  Global Placement
..............................
..........................................................................
............................................................................................................
........................................................................................
.....................
Phase 9.8  Global Placement (Checksum:2f65837d) REAL time: 1 mins 21 secs 

Phase 10.5  Local Placement Optimization
Phase 10.5  Local Placement Optimization (Checksum:2f65837d) REAL time: 1 mins 22 secs 

Phase 11.18  Placement Optimization
Phase 11.18  Placement Optimization (Checksum:41b459b2) REAL time: 1 mins 31 secs 

Phase 12.5  Local Placement Optimization
Phase 12.5  Local Placement Optimization (Checksum:41b459b2) REAL time: 1 mins 31 secs 

Phase 13.34  Placement Validation
Phase 13.34  Placement Validation (Checksum:9234d5c1) REAL time: 1 mins 32 secs 

Total REAL time to Placer completion: 1 mins 32 secs 
Total CPU  time to Placer completion: 1 mins 23 secs 
Running post-placement packing...
Writing output files...

Design Summary:
Number of errors:      0
Number of warnings:   18
Slice Logic Utilization:
  Number of Slice Registers:                 1,917 out of  11,440   16%
    Number used as Flip Flops:               1,910
    Number used as Latches:                      0
    Number used as Latch-thrus:                  0
    Number used as AND/OR logics:                7
  Number of Slice LUTs:                      2,526 out of   5,720   44%
    Number used as logic:                    2,354 out of   5,720   41%
      Number using O6 output only:           1,848
      Number using O5 output only:              52
      Number using O5 and O6:                  454
      Number used as ROM:                        0
    Number used as Memory:                     139 out of   1,440    9%
      Number used as Dual Port RAM:             64
        Number using O6 output only:             0
        Number using O5 output only:             0
        Number using O5 and O6:                 64
      Number used as Single Port RAM:            0
      Number used as Shift Register:            75
        Number using O6 output only:            24
        Number using O5 output only:             1
        Number using O5 and O6:                 50
    Number used exclusively as route-thrus:     33
      Number with same-slice register load:     30
      Number with same-slice carry load:         3
      Number with other load:                    0

Slice Logic Distribution:
  Number of occupied Slices:                 1,006 out of   1,430   70%
  Number of MUXCYs used:                       532 out of   2,860   18%
  Number of LUT Flip Flop pairs used:        2,870
    Number with an unused Flip Flop:         1,078 out of   2,870   37%
    Number with an unused LUT:                 344 out of   2,870   11%
    Number of fully used LUT-FF pairs:       1,448 out of   2,870   50%
    Number of unique control sets:             135
    Number of slice register sites lost
      to control set restrictions:             581 out of  11,440    5%

  A LUT Flip Flop pair for this architecture represents one LUT paired with
  one Flip Flop within a slice.  A control set is a unique combination of
  clock, reset, set, and enable signals for a registered element.
  The Slice Logic Distribution report is not meaningful if the design is
  over-mapped for a non-slice resource or if Placement fails.

IO Utilization:
  Number of bonded IOBs:                        18 out of     102   17%
    Number of LOCed IOBs:                       18 out of      18  100%
    IOB Flip Flops:                              4

Specific Feature Utilization:
  Number of RAMB16BWERs:                        16 out of      32   50%
  Number of RAMB8BWERs:                          0 out of      64    0%
  Number of BUFIO2/BUFIO2_2CLKs:                 1 out of      32    3%
    Number used as BUFIO2s:                      1
    Number used as BUFIO2_2CLKs:                 0
  Number of BUFIO2FB/BUFIO2FB_2CLKs:             0 out of      32    0%
  Number of BUFG/BUFGMUXs:                       2 out of      16   12%
    Number used as BUFGs:                        2
    Number used as BUFGMUX:                      0
  Number of DCM/DCM_CLKGENs:                     0 out of       4    0%
  Number of ILOGIC2/ISERDES2s:                   1 out of     200    1%
    Number used as ILOGIC2s:                     1
    Number used as ISERDES2s:                    0
  Number of IODELAY2/IODRP2/IODRP2_MCBs:         0 out of     200    0%
  Number of OLOGIC2/OSERDES2s:                   3 out of     200    1%
    Number used as OLOGIC2s:                     3
    Number used as OSERDES2s:                    0
  Number of BSCANs:                              1 out of       4   25%
  Number of BUFHs:                               0 out of     128    0%
  Number of BUFPLLs:                             0 out of       8    0%
  Number of BUFPLL_MCBs:                         0 out of       4    0%
  Number of DSP48A1s:                            3 out of      16   18%
  Number of ICAPs:                               0 out of       1    0%
  Number of MCBs:                                0 out of       2    0%
  Number of PCILOGICSEs:                         0 out of       2    0%
  Number of PLL_ADVs:                            1 out of       2   50%
  Number of PMVs:                                0 out of       1    0%
  Number of STARTUPs:                            0 out of       1    0%
  Number of SUSPEND_SYNCs:                       0 out of       1    0%

Average Fanout of Non-Clock Nets:                4.35

Peak Memory Usage:  530 MB
Total REAL time to MAP completion:  1 mins 37 secs 
Total CPU time to MAP completion:   1 mins 27 secs 

Mapping completed.
See MAP report file "system_map.mrp" for details.



#----------------------------------------------#
# Starting program par
# par -w -ol high system_map.ncd system.ncd system.pcf 
#----------------------------------------------#
Release 14.7 - par P.20131013 (nt64)
Copyright (c) 1995-2013 Xilinx, Inc.  All rights reserved.
PMSPEC -- Overriding Xilinx file <D:/Xilinx/14.7/ISE_DS/EDK/data/parBmgr.acd> with local file
<D:/Xilinx/14.7/ISE_DS/ISE/data/parBmgr.acd>



Constraints file: system.pcf.
Loading device for application Rf_Device from file '6slx9.nph' in environment
D:\Xilinx\14.7\ISE_DS\ISE\;D:\Xilinx\14.7\ISE_DS\EDK.
   "system" is an NCD, version 3.2, device xc6slx9, package tqg144, speed -2

Initializing temperature to 85.000 Celsius. (default - Range: 0.000 to 85.000 Celsius)
Initializing voltage to 1.140 Volts. (default - Range: 1.140 to 1.260 Volts)


Device speed data version:  "PRODUCTION 1.23 2013-10-13".



Device Utilization Summary:

Slice Logic Utilization:
  Number of Slice Registers:                 1,917 out of  11,440   16%
    Number used as Flip Flops:               1,910
    Number used as Latches:                      0
    Number used as Latch-thrus:                  0
    Number used as AND/OR logics:                7
  Number of Slice LUTs:                      2,526 out of   5,720   44%
    Number used as logic:                    2,354 out of   5,720   41%
      Number using O6 output only:           1,848
      Number using O5 output only:              52
      Number using O5 and O6:                  454
      Number used as ROM:                        0
    Number used as Memory:                     139 out of   1,440    9%
      Number used as Dual Port RAM:             64
        Number using O6 output only:             0
        Number using O5 output only:             0
        Number using O5 and O6:                 64
      Number used as Single Port RAM:            0
      Number used as Shift Register:            75
        Number using O6 output only:            24
        Number using O5 output only:             1
        Number using O5 and O6:                 50
    Number used exclusively as route-thrus:     33
      Number with same-slice register load:     30
      Number with same-slice carry load:         3
      Number with other load:                    0

Slice Logic Distribution:
  Number of occupied Slices:                 1,006 out of   1,430   70%
  Number of MUXCYs used:                       532 out of   2,860   18%
  Number of LUT Flip Flop pairs used:        2,870
    Number with an unused Flip Flop:         1,078 out of   2,870   37%
    Number with an unused LUT:                 344 out of   2,870   11%
    Number of fully used LUT-FF pairs:       1,448 out of   2,870   50%
    Number of slice register sites lost
      to control set restrictions:               0 out of  11,440    0%

  A LUT Flip Flop pair for this architecture represents one LUT paired with
  one Flip Flop within a slice.  A control set is a unique combination of
  clock, reset, set, and enable signals for a registered element.
  The Slice Logic Distribution report is not meaningful if the design is
  over-mapped for a non-slice resource or if Placement fails.

IO Utilization:
  Number of bonded IOBs:                        18 out of     102   17%
    Number of LOCed IOBs:                       18 out of      18  100%
    IOB Flip Flops:                              4

Specific Feature Utilization:
  Number of RAMB16BWERs:                        16 out of      32   50%
  Number of RAMB8BWERs:                          0 out of      64    0%
  Number of BUFIO2/BUFIO2_2CLKs:                 1 out of      32    3%
    Number used as BUFIO2s:                      1
    Number used as BUFIO2_2CLKs:                 0
  Number of BUFIO2FB/BUFIO2FB_2CLKs:             0 out of      32    0%
  Number of BUFG/BUFGMUXs:                       2 out of      16   12%
    Number used as BUFGs:                        2
    Number used as BUFGMUX:                      0
  Number of DCM/DCM_CLKGENs:                     0 out of       4    0%
  Number of ILOGIC2/ISERDES2s:                   1 out of     200    1%
    Number used as ILOGIC2s:                     1
    Number used as ISERDES2s:                    0
  Number of IODELAY2/IODRP2/IODRP2_MCBs:         0 out of     200    0%
  Number of OLOGIC2/OSERDES2s:                   3 out of     200    1%
    Number used as OLOGIC2s:                     3
    Number used as OSERDES2s:                    0
  Number of BSCANs:                              1 out of       4   25%
  Number of BUFHs:                               0 out of     128    0%
  Number of BUFPLLs:                             0 out of       8    0%
  Number of BUFPLL_MCBs:                         0 out of       4    0%
  Number of DSP48A1s:                            3 out of      16   18%
  Number of ICAPs:                               0 out of       1    0%
  Number of MCBs:                                0 out of       2    0%
  Number of PCILOGICSEs:                         0 out of       2    0%
  Number of PLL_ADVs:                            1 out of       2   50%
  Number of PMVs:                                0 out of       1    0%
  Number of STARTUPs:                            0 out of       1    0%
  Number of SUSPEND_SYNCs:                       0 out of       1    0%


Overall effort level (-ol):   High 
Router effort level (-rl):    High 

INFO:Timing:3386 - Intersecting Constraints found and resolved.  For more information, see the TSI report.  Please consult the Xilinx
   Command Line Tools User Guide for information on generating a TSI report.
Starting initial Timing Analysis.  REAL time: 10 secs 
Finished initial Timing Analysis.  REAL time: 10 secs 

WARNING:Par:288 - The signal
   microblaze_0/microblaze_0/MicroBlaze_Core_I/Performance.Data_Flow_I/Register_File_I/Using_LUT6.All_RAM32M[10].ram32m_i_RAMD_D1_O has no
   load.  PAR will not attempt to route this signal.
WARNING:Par:288 - The signal
   microblaze_0/microblaze_0/MicroBlaze_Core_I/Performance.Data_Flow_I/Register_File_I/Using_LUT6.All_RAM32M[11].ram32m_i_RAMD_D1_O has no
   load.  PAR will not attempt to route this signal.
WARNING:Par:288 - The signal
   microblaze_0/microblaze_0/MicroBlaze_Core_I/Performance.Data_Flow_I/Register_File_I/Using_LUT6.All_RAM32M[8].ram32m_i_RAMD_D1_O has no
   load.  PAR will not attempt to route this signal.
WARNING:Par:288 - The signal
   microblaze_0/microblaze_0/MicroBlaze_Core_I/Performance.Data_Flow_I/Register_File_I/Using_LUT6.All_RAM32M[4].ram32m_i_RAMD_D1_O has no
   load.  PAR will not attempt to route this signal.
WARNING:Par:288 - The signal
   microblaze_0/microblaze_0/MicroBlaze_Core_I/Performance.Data_Flow_I/Register_File_I/Using_LUT6.All_RAM32M[5].ram32m_i_RAMD_D1_O has no
   load.  PAR will not attempt to route this signal.
WARNING:Par:288 - The signal
   microblaze_0/microblaze_0/MicroBlaze_Core_I/Performance.Data_Flow_I/Register_File_I/Using_LUT6.All_RAM32M[3].ram32m_i_RAMD_D1_O has no
   load.  PAR will not attempt to route this signal.
WARNING:Par:288 - The signal
   microblaze_0/microblaze_0/MicroBlaze_Core_I/Performance.Data_Flow_I/Register_File_I/Using_LUT6.All_RAM32M[2].ram32m_i_RAMD_D1_O has no
   load.  PAR will not attempt to route this signal.
WARNING:Par:288 - The signal
   microblaze_0/microblaze_0/MicroBlaze_Core_I/Performance.Data_Flow_I/Register_File_I/Using_LUT6.All_RAM32M[0].ram32m_i_RAMD_D1_O has no
   load.  PAR will not attempt to route this signal.
WARNING:Par:288 - The signal
   microblaze_0/microblaze_0/MicroBlaze_Core_I/Performance.Data_Flow_I/Register_File_I/Using_LUT6.All_RAM32M[12].ram32m_i_RAMD_D1_O has no
   load.  PAR will not attempt to route this signal.
WARNING:Par:288 - The signal
   microblaze_0/microblaze_0/MicroBlaze_Core_I/Performance.Data_Flow_I/Register_File_I/Using_LUT6.All_RAM32M[13].ram32m_i_RAMD_D1_O has no
   load.  PAR will not attempt to route this signal.
WARNING:Par:288 - The signal
   microblaze_0/microblaze_0/MicroBlaze_Core_I/Performance.Data_Flow_I/Register_File_I/Using_LUT6.All_RAM32M[9].ram32m_i_RAMD_D1_O has no
   load.  PAR will not attempt to route this signal.
WARNING:Par:288 - The signal
   microblaze_0/microblaze_0/MicroBlaze_Core_I/Performance.Data_Flow_I/Register_File_I/Using_LUT6.All_RAM32M[1].ram32m_i_RAMD_D1_O has no
   load.  PAR will not attempt to route this signal.
WARNING:Par:288 - The signal
   microblaze_0/microblaze_0/MicroBlaze_Core_I/Performance.Data_Flow_I/Register_File_I/Using_LUT6.All_RAM32M[15].ram32m_i_RAMD_D1_O has no
   load.  PAR will not attempt to route this signal.
WARNING:Par:288 - The signal
   microblaze_0/microblaze_0/MicroBlaze_Core_I/Performance.Data_Flow_I/Register_File_I/Using_LUT6.All_RAM32M[14].ram32m_i_RAMD_D1_O has no
   load.  PAR will not attempt to route this signal.
WARNING:Par:288 - The signal
   microblaze_0/microblaze_0/MicroBlaze_Core_I/Performance.Data_Flow_I/Register_File_I/Using_LUT6.All_RAM32M[6].ram32m_i_RAMD_D1_O has no
   load.  PAR will not attempt to route this signal.
WARNING:Par:288 - The signal
   microblaze_0/microblaze_0/MicroBlaze_Core_I/Performance.Data_Flow_I/Register_File_I/Using_LUT6.All_RAM32M[7].ram32m_i_RAMD_D1_O has no
   load.  PAR will not attempt to route this signal.
WARNING:Par:288 - The signal microblaze_0_d_bram_ctrl_2_microblaze_0_bram_block_BRAM_Addr<30> has no load.  PAR will not attempt to route
   this signal.
WARNING:Par:288 - The signal microblaze_0_d_bram_ctrl_2_microblaze_0_bram_block_BRAM_Addr<31> has no load.  PAR will not attempt to route
   this signal.
Starting Router


Phase  1  : 17740 unrouted;      REAL time: 11 secs 

Phase  2  : 14501 unrouted;      REAL time: 12 secs 

Phase  3  : 6304 unrouted;      REAL time: 23 secs 

Phase  4  : 6304 unrouted; (Setup:0, Hold:508, Component Switching Limit:0)     REAL time: 24 secs 

Updating file: system.ncd with current fully routed design.

Phase  5  : 0 unrouted; (Setup:0, Hold:508, Component Switching Limit:0)     REAL time: 36 secs 

Phase  6  : 0 unrouted; (Setup:0, Hold:508, Component Switching Limit:0)     REAL time: 36 secs 

Phase  7  : 0 unrouted; (Setup:0, Hold:508, Component Switching Limit:0)     REAL time: 36 secs 

Phase  8  : 0 unrouted; (Setup:0, Hold:508, Component Switching Limit:0)     REAL time: 36 secs 

Phase  9  : 0 unrouted; (Setup:0, Hold:0, Component Switching Limit:0)     REAL time: 36 secs 

Phase 10  : 0 unrouted; (Setup:0, Hold:0, Component Switching Limit:0)     REAL time: 38 secs 
Total REAL time to Router completion: 38 secs 
Total CPU time to Router completion: 38 secs 

Partition Implementation Status
-------------------------------

  No Partitions were found in this design.

-------------------------------

Generating "PAR" statistics.

**************************
Generating Clock Report
**************************

+---------------------+--------------+------+------+------------+-------------+
|        Clock Net    |   Resource   |Locked|Fanout|Net Skew(ns)|Max Delay(ns)|
+---------------------+--------------+------+------+------------+-------------+
|      clk_50_0000MHz |  BUFGMUX_X2Y3| No   |  847 |  0.749     |  2.140      |
+---------------------+--------------+------+------+------------+-------------+
|microblaze_0_debug_D |              |      |      |            |             |
|              bg_Clk | BUFGMUX_X3Y13| No   |   56 |  0.102     |  1.494      |
+---------------------+--------------+------+------+------------+-------------+
|microblaze_0_debug_D |              |      |      |            |             |
|           bg_Update |         Local|      |   18 |  4.165     |  5.518      |
+---------------------+--------------+------+------+------------+-------------+
|     RS232_Interrupt |         Local|      |    1 |  0.000     |  1.531      |
+---------------------+--------------+------+------+------------+-------------+

* Net Skew is the difference between the minimum and maximum routing
only delays for the net. Note this is different from Clock Skew which
is reported in TRCE timing report. Clock Skew is the difference between
the minimum and maximum path delays which includes logic delays.

* The fanout is the number of component pins not the individual BEL loads,
for example SLICE loads not FF loads.

Timing Score: 0 (Setup: 0, Hold: 0, Component Switching Limit: 0)

Number of Timing Constraints that were not applied: 1

Asterisk (*) preceding a constraint indicates it was not met.
   This may be due to a setup or hold violation.

----------------------------------------------------------------------------------------------------------
  Constraint                                |    Check    | Worst Case |  Best Case | Timing |   Timing   
                                            |             |    Slack   | Achievable | Errors |    Score   
----------------------------------------------------------------------------------------------------------
  TS_clock_generator_0_clock_generator_0_SI | SETUP       |     8.691ns|    11.309ns|       0|           0
  G_PLL0_CLKOUT0 = PERIOD TIMEGRP         " | HOLD        |     0.323ns|            |       0|           0
  clock_generator_0_clock_generator_0_SIG_P |             |            |            |        |            
  LL0_CLKOUT0" TS_clk50M HIGH         50%   |             |            |            |        |            
----------------------------------------------------------------------------------------------------------
  TS_clk50M = PERIOD TIMEGRP "tnm_clk50M" 5 | MINLOWPULSE |    15.000ns|     5.000ns|       0|           0
  0 MHz HIGH 50%                            |             |            |            |        |            
----------------------------------------------------------------------------------------------------------
  PATH "TS_sync_microblaze_0_intc_path" TIG | SETUP       |         N/A|     8.551ns|     N/A|           0
----------------------------------------------------------------------------------------------------------
  PATH "TS_intr_sync_p1_microblaze_0_intc_p | SETUP       |         N/A|    -0.251ns|     N/A|           0
  ath" TIG                                  |             |            |            |        |            
----------------------------------------------------------------------------------------------------------
  PATH "TS_TIG_microblaze_0_Reset_path" TIG | SETUP       |         N/A|     2.238ns|     N/A|           0
----------------------------------------------------------------------------------------------------------
  PATH "TS_TIG_microblaze_0_Interrupt_path" | SETUP       |         N/A|     2.615ns|     N/A|           0
   TIG                                      |             |            |            |        |            
----------------------------------------------------------------------------------------------------------
  PATH "TS_axi4lite_0_reset_resync_path" TI | MAXDELAY    |         N/A|     6.428ns|     N/A|           0
  G                                         |             |            |            |        |            
----------------------------------------------------------------------------------------------------------
  PATH "TS_TIG_microblaze_0_dlmb_POR_FF_I_p | SETUP       |         N/A|     1.909ns|     N/A|           0
  ath" TIG                                  |             |            |            |        |            
----------------------------------------------------------------------------------------------------------
  PATH "TS_TIG_microblaze_0_ilmb_POR_FF_I_p | SETUP       |         N/A|     1.916ns|     N/A|           0
  ath" TIG                                  |             |            |            |        |            
----------------------------------------------------------------------------------------------------------


Derived Constraint Report
Review Timing Report for more details on the following derived constraints.
To create a Timing Report, run "trce -v 12 -fastpaths -o design_timing_report design.ncd design.pcf"
or "Run Timing Analysis" from Timing Analyzer (timingan).
Derived Constraints for TS_clk50M
+-------------------------------+-------------+-------------+-------------+-------------+-------------+-------------+-------------+
|                               |   Period    |       Actual Period       |      Timing Errors        |      Paths Analyzed       |
|           Constraint          | Requirement |-------------+-------------|-------------+-------------|-------------+-------------|
|                               |             |   Direct    | Derivative  |   Direct    | Derivative  |   Direct    | Derivative  |
+-------------------------------+-------------+-------------+-------------+-------------+-------------+-------------+-------------+
|TS_clk50M                      |     20.000ns|      5.000ns|     11.309ns|            0|            0|            0|       306110|
| TS_clock_generator_0_clock_gen|     20.000ns|     11.309ns|          N/A|            0|            0|       306110|            0|
| erator_0_SIG_PLL0_CLKOUT0     |             |             |             |             |             |             |             |
+-------------------------------+-------------+-------------+-------------+-------------+-------------+-------------+-------------+

All constraints were met.
INFO:Timing:2761 - N/A entries in the Constraints List may indicate that the 
   constraint is not analyzed due to the following: No paths covered by this 
   constraint; Other constraints intersect with this constraint; or This 
   constraint was disabled by a Path Tracing Control. Please run the Timespec 
   Interaction Report (TSI) via command line (trce tsi) or Timing Analyzer GUI.


Generating Pad Report.

All signals are completely routed.

WARNING:Par:283 - There are 18 loadless signals in this design. This design will cause Bitgen to issue DRC warnings.

Total REAL time to PAR completion: 41 secs 
Total CPU time to PAR completion: 40 secs 

Peak Memory Usage:  445 MB

Placer: Placement generated during map.
Routing: Completed - No errors found.
Timing: Completed - No errors found.

Number of error messages: 0
Number of warning messages: 20
Number of info messages: 1

Writing design to file system.ncd



PAR done!



#----------------------------------------------#
# Starting program post_par_trce
# trce -e 3 -xml system.twx system.ncd system.pcf 
#----------------------------------------------#
Release 14.7 - Trace  (nt64)
Copyright (c) 1995-2013 Xilinx, Inc.  All rights reserved.


PMSPEC -- Overriding Xilinx file
<D:/Xilinx/14.7/ISE_DS/EDK/spartan6/data/spartan6.acd> with local file
<D:/Xilinx/14.7/ISE_DS/ISE/spartan6/data/spartan6.acd>
Loading device for application Rf_Device from file '6slx9.nph' in environment
D:\Xilinx\14.7\ISE_DS\ISE\;D:\Xilinx\14.7\ISE_DS\EDK.
   "system" is an NCD, version 3.2, device xc6slx9, package tqg144, speed -2
INFO:Timing:3386 - Intersecting Constraints found and resolved.  For more
   information, see the TSI report.  Please consult the Xilinx Command Line
   Tools User Guide for information on generating a TSI report.
--------------------------------------------------------------------------------
Release 14.7 Trace  (nt64)
Copyright (c) 1995-2013 Xilinx, Inc.  All rights reserved.

D:\Xilinx\14.7\ISE_DS\ISE\bin\nt64\unwrapped\trce.exe -e 3 -xml system.twx
system.ncd system.pcf


Design file:              system.ncd
Physical constraint file: system.pcf
Device,speed:             xc6slx9,-2 (PRODUCTION 1.23 2013-10-13)
Report level:             error report
--------------------------------------------------------------------------------

INFO:Timing:3412 - To improve timing, see the Timing Closure User Guide (UG612).
INFO:Timing:2752 - To get complete path coverage, use the unconstrained paths option. All paths that are not constrained will be reported in
   the unconstrained paths section(s) of the report.
INFO:Timing:3339 - The clock-to-out numbers in this timing report are based on a 50 Ohm transmission line loading model.  For the details of
   this model, and for more information on accounting for different loading conditions, please see the device datasheet.


Timing summary:
---------------

Timing errors: 0  Score: 0 (Setup/Max: 0, Hold: 0)

Constraints cover 306128 paths, 0 nets, and 14581 connections

Design statistics:
   Minimum period:  11.309ns (Maximum frequency:  88.425MHz)


Analysis completed Sun Nov 05 09:49:34 2017
--------------------------------------------------------------------------------

Generating Report ...

Number of warnings: 0
Number of info messages: 4
Total time: 12 secs 


