
----------------------------------------------------------------------------
--                            Design Analysis                             --
----------------------------------------------------------------------------
Analyze pcore lcd_screen ...


----------------------------------------------------------------------------
--                            Design Analysis                             --
----------------------------------------------------------------------------
Analyze pcore lcd_screen ...


----------------------------------------------------------------------------
--                            File Generation                             --
----------------------------------------------------------------------------
Creating HDL source directory ...
Generating top peripheral VHDL template ...
Generating stub user logic Verilog template ...
HDL templates successfully generated ...
Creating data directory ...
Generating XPS inteface files ...
WARNING:HDLParsers:3497 - Ignoring Verilog File
   "F:/curr_ISE_proj/mikrorendszerek/SP6BoardLinuxAXI_14_7/SP6BoardLinuxAXI/pcor
   es/lcd_screen_v1_00_a/data/../hdl/verilog/user_logic.v"
Compiling vhdl file
"D:/Xilinx/14.7/ISE_DS/EDK/hw/XilinxProcessorIPLib/pcores/proc_common_v3_00_a/hd
l/vhdl/proc_common_pkg.vhd" in Library proc_common_v3_00_a.
Package <proc_common_pkg> compiled.
Package body <proc_common_pkg> compiled.
Compiling vhdl file
"D:/Xilinx/14.7/ISE_DS/EDK/hw/XilinxProcessorIPLib/pcores/proc_common_v3_00_a/hd
l/vhdl/family_support.vhd" in Library proc_common_v3_00_a.
Package <family_support> compiled.
Package body <family_support> compiled.
Compiling vhdl file
"D:/Xilinx/14.7/ISE_DS/EDK/hw/XilinxProcessorIPLib/pcores/proc_common_v3_00_a/hd
l/vhdl/or_muxcy.vhd" in Library proc_common_v3_00_a.
Entity <or_muxcy> compiled.
Entity <or_muxcy> (Architecture <implementation>) compiled.
Compiling vhdl file
"D:/Xilinx/14.7/ISE_DS/EDK/hw/XilinxProcessorIPLib/pcores/proc_common_v3_00_a/hd
l/vhdl/or_gate128.vhd" in Library proc_common_v3_00_a.
Entity <or_gate128> compiled.
Entity <or_gate128> (Architecture <imp>) compiled.
Compiling vhdl file
"D:/Xilinx/14.7/ISE_DS/EDK/hw/XilinxProcessorIPLib/pcores/proc_common_v3_00_a/hd
l/vhdl/counter_f.vhd" in Library proc_common_v3_00_a.
Entity <counter_f> compiled.
Entity <counter_f> (Architecture <imp>) compiled.
Compiling vhdl file
"D:/Xilinx/14.7/ISE_DS/EDK/hw/XilinxProcessorIPLib/pcores/proc_common_v3_00_a/hd
l/vhdl/pselect_f.vhd" in Library proc_common_v3_00_a.
Entity <pselect_f> compiled.
Entity <pselect_f> (Architecture <imp>) compiled.
Compiling vhdl file
"D:/Xilinx/14.7/ISE_DS/EDK/hw/XilinxProcessorIPLib/pcores/proc_common_v3_00_a/hd
l/vhdl/ipif_pkg.vhd" in Library proc_common_v3_00_a.
Package <ipif_pkg> compiled.
Package body <ipif_pkg> compiled.
Compiling vhdl file
"D:/Xilinx/14.7/ISE_DS/EDK/hw/XilinxProcessorIPLib/pcores/axi_lite_ipif_v1_01_a/
hdl/vhdl/address_decoder.vhd" in Library axi_lite_ipif_v1_01_a.
Entity <address_decoder> compiled.
Entity <address_decoder> (Architecture <IMP>) compiled.
Compiling vhdl file
"D:/Xilinx/14.7/ISE_DS/EDK/hw/XilinxProcessorIPLib/pcores/axi_lite_ipif_v1_01_a/
hdl/vhdl/slave_attachment.vhd" in Library axi_lite_ipif_v1_01_a.
Entity <slave_attachment> compiled.
Entity <slave_attachment> (Architecture <imp>) compiled.
Compiling vhdl file
"D:/Xilinx/14.7/ISE_DS/EDK/hw/XilinxProcessorIPLib/pcores/axi_lite_ipif_v1_01_a/
hdl/vhdl/axi_lite_ipif.vhd" in Library axi_lite_ipif_v1_01_a.
Entity <axi_lite_ipif> compiled.
Entity <axi_lite_ipif> (Architecture <imp>) compiled.
Compiling vhdl file
"F:/curr_ISE_proj/mikrorendszerek/SP6BoardLinuxAXI_14_7/SP6BoardLinuxAXI/pcores/
lcd_screen_v1_00_a/data/../hdl/vhdl/lcd_screen.vhd" in Library
lcd_screen_v1_00_a.
WARNING:HDLParsers:3530 - Time stamp of file
   "F:/curr_ISE_proj/mikrorendszerek/SP6BoardLinuxAXI_14_7/SP6BoardLinuxAXI/pcor
   es/lcd_screen_v1_00_a/data/../hdl/vhdl/lcd_screen.vhd" is newer than current
   system time.
Entity <lcd_screen> compiled.
Entity <lcd_screen> (Architecture <IMP>) compiled.


Analyzing HDL attributes ...
Entity name = lcd_screen
INFO:EDK:1607 - IPTYPE set to value : PERIPHERAL
INFO:EDK:1511 - IMP_NETLIST set to value : TRUE
INFO:EDK:1486 - HDL set to value : VHDL
WARNING:EDK:3588 - Unable to delete temporary XST project file
   F:\curr_ISE_proj\mikrorendszerek\SP6BoardLinuxAXI_14_7\SP6BoardLinuxAXI\pcore
   s\lcd_screen_v1_00_a\data\_lcd_screen_xst.prj : 13
XPS interface files successfully generated ...
Creating development directory ...
Generating command option file ...
Generating readme file ...
Development misc files successfully generated ...
No ProjNavigator support files will be generated at this time ...
No XST synthesis support files will be generated at this time ...
No BFM simulation files will be generated at this time ...
No software driver files will be generated at this time ...

----------------------------------------------------------------------------
--                              Final Report                              --
----------------------------------------------------------------------------
Thank you for using Create and Import Peripheral Wizard! Please find your
peripheral hardware templates under
F:\curr_ISE_proj\mikrorendszerek\SP6BoardLinuxAXI_14_7\SP6BoardLinuxAXI/pcores/l
cd_screen_v1_00_a.

Peripheral Summary:

  top name       : lcd_screen
  version        : 1.00.a
  type           : AXI4LITE slave
  features       : slave attachment
                   user s/w registers

Address Block Summary:

  user logic slv : C_BASEADDR + 0x00000000
                 : C_BASEADDR + 0x000000FF

File Summary

  - HDL source -
F:\curr_ISE_proj\mikrorendszerek\SP6BoardLinuxAXI_14_7\SP6BoardLinuxAXI/pcores/l
cd_screen_v1_00_a/hdl
  top entity     : vhdl/lcd_screen.vhd
  user logic     : verilog/user_logic.v

  - XPS interface -
F:\curr_ISE_proj\mikrorendszerek\SP6BoardLinuxAXI_14_7\SP6BoardLinuxAXI/pcores/l
cd_screen_v1_00_a/data
  mpd            : lcd_screen_v2_1_0.mpd
  pao            : lcd_screen_v2_1_0.pao

  - Misc file -
F:\curr_ISE_proj\mikrorendszerek\SP6BoardLinuxAXI_14_7\SP6BoardLinuxAXI/pcores/l
cd_screen_v1_00_a/devl
  help           : README.txt
  option         : ipwiz.opt
  log            : ipwiz.log


